SPECIALIZED (DC:9E:23:1F:92:96)
D	19:26:50.210	[Broadcast] Action received: android.bluetooth.device.action.ACL_CONNECTED
V	19:26:50.408	Connecting to DC:9E:23:1F:92:96...
D	19:26:50.408	gatt = device.connectGatt(autoConnect = false, TRANSPORT_LE, opportunistic = true, preferred PHY = LE 1M) (hidden)
D	19:26:50.415	[Callback] Connection state changed with status: 0 and new state: CONNECTED (2)
I	19:26:50.415	Connected to DC:9E:23:1F:92:96
V	19:26:50.476	Discovering services...
D	19:26:50.476	gatt.discoverServices()
D	19:26:50.485	[Callback] Services discovered with status: 0
I	19:26:50.485	Services discovered
V	19:26:50.514	Generic Access (0x1800)
- Device Name [R W] (0x2A00)
- Appearance [R] (0x2A01)
- Peripheral Preferred Connection Parameters [R] (0x2A04)
Generic Attribute (0x1801)
Device Information (0x180A)
- Manufacturer Name String [R] (0x2A29)
- Software Revision String [R] (0x2A28)
Cycling Speed and Cadence (0x1816)
- CSC Measurement [N] (0x2A5B)
   Client Characteristic Configuration (0x2902)
- CSC Feature [R] (0x2A5C)
- SC Control Point [I W] (0x2A55)
   Client Characteristic Configuration (0x2902)
Unknown Service (00000001-0000-4b49-4e4f-525441474947)
- Unknown Characteristic [R] (00000011-0000-4b49-4e4f-525441474947)
- Unknown Characteristic [W] (00000021-0000-4b49-4e4f-525441474947)
Unknown Service (00000002-0000-4b49-4e4f-525441474947)
- Unknown Characteristic [W] (00000012-0000-4b49-4e4f-525441474947)
Unknown Service (00000003-0000-4b49-4e4f-525441474947)
- Unknown Characteristic [N R] (00000013-0000-4b49-4e4f-525441474947)
   Client Characteristic Configuration (0x2902)
D	19:26:50.515	gatt.setCharacteristicNotification(00002a5b-0000-1000-8000-00805f9b34fb, true)
D	19:26:50.517	gatt.setCharacteristicNotification(00002a55-0000-1000-8000-00805f9b34fb, true)
D	19:26:50.518	gatt.setCharacteristicNotification(00000013-0000-4b49-4e4f-525441474947, true)
I	19:26:50.881	Notification received from 00000013-0000-4b49-4e4f-525441474947, value: (0x) 01-10-24-FF-FF-FF-FF-FF-FF-FF-FF-FF-FF-FF-FF-FF-FF-FF-FF-FF
A	19:26:50.881	"(0x) 01-10-24-FF-FF-FF-FF-FF-FF-FF-FF-FF-FF-FF-FF-FF-FF-FF-FF-FF" received
I	19:26:51.462	Notification received from 00000013-0000-4b49-4e4f-525441474947, value: (0x) 01-10-5C-FF-FF-FF-FF-FF-FF-FF-FF-FF-FF-FF-FF-FF-FF-FF-FF-FF
A	19:26:51.462	"(0x) 01-10-5C-FF-FF-FF-FF-FF-FF-FF-FF-FF-FF-FF-FF-FF-FF-FF-FF-FF" received
I	19:26:52.004	Notification received from 00000013-0000-4b49-4e4f-525441474947, value: (0x) 01-10-67-FF-FF-FF-FF-FF-FF-FF-FF-FF-FF-FF-FF-FF-FF-FF-FF-FF
A	19:26:52.004	"(0x) 01-10-67-FF-FF-FF-FF-FF-FF-FF-FF-FF-FF-FF-FF-FF-FF-FF-FF-FF" received
I	19:26:52.452	Notification received from 00000013-0000-4b49-4e4f-525441474947, value: (0x) 01-10-24-FF-FF-FF-FF-FF-FF-FF-FF-FF-FF-FF-FF-FF-FF-FF-FF-FF
A	19:26:52.452	"(0x) 01-10-24-FF-FF-FF-FF-FF-FF-FF-FF-FF-FF-FF-FF-FF-FF-FF-FF-FF" received
I	19:26:52.971	Notification received from 00000013-0000-4b49-4e4f-525441474947, value: (0x) 01-10-5C-FF-FF-FF-FF-FF-FF-FF-FF-FF-FF-FF-FF-FF-FF-FF-FF-FF
A	19:26:52.971	"(0x) 01-10-5C-FF-FF-FF-FF-FF-FF-FF-FF-FF-FF-FF-FF-FF-FF-FF-FF-FF" received
I	19:26:52.972	Connection parameters updated (interval: 37.5ms, latency: 0, timeout: 4000ms)
I	19:26:53.497	Notification received from 00000013-0000-4b49-4e4f-525441474947, value: (0x) 01-10-67-FF-FF-FF-FF-FF-FF-FF-FF-FF-FF-FF-FF-FF-FF-FF-FF-FF
A	19:26:53.497	"(0x) 01-10-67-FF-FF-FF-FF-FF-FF-FF-FF-FF-FF-FF-FF-FF-FF-FF-FF-FF" received
I	19:26:54.020	Notification received from 00000013-0000-4b49-4e4f-525441474947, value: (0x) 01-10-24-FF-FF-FF-FF-FF-FF-FF-FF-FF-FF-FF-FF-FF-FF-FF-FF-FF
A	19:26:54.020	"(0x) 01-10-24-FF-FF-FF-FF-FF-FF-FF-FF-FF-FF-FF-FF-FF-FF-FF-FF-FF" received
I	19:26:54.545	Notification received from 00000013-0000-4b49-4e4f-525441474947, value: (0x) 01-10-5C-FF-FF-FF-FF-FF-FF-FF-FF-FF-FF-FF-FF-FF-FF-FF-FF-FF
A	19:26:54.545	"(0x) 01-10-5C-FF-FF-FF-FF-FF-FF-FF-FF-FF-FF-FF-FF-FF-FF-FF-FF-FF" received
I	19:26:55.032	Notification received from 00000013-0000-4b49-4e4f-525441474947, value: (0x) 01-10-67-FF-FF-FF-FF-FF-FF-FF-FF-FF-FF-FF-FF-FF-FF-FF-FF-FF
A	19:26:55.033	"(0x) 01-10-67-FF-FF-FF-FF-FF-FF-FF-FF-FF-FF-FF-FF-FF-FF-FF-FF-FF" received
I	19:26:55.557	Notification received from 00000013-0000-4b49-4e4f-525441474947, value: (0x) 01-10-24-FF-FF-FF-FF-FF-FF-FF-FF-FF-FF-FF-FF-FF-FF-FF-FF-FF
A	19:26:55.557	"(0x) 01-10-24-FF-FF-FF-FF-FF-FF-FF-FF-FF-FF-FF-FF-FF-FF-FF-FF-FF" received
I	19:26:56.082	Notification received from 00000013-0000-4b49-4e4f-525441474947, value: (0x) 01-10-5C-FF-FF-FF-FF-FF-FF-FF-FF-FF-FF-FF-FF-FF-FF-FF-FF-FF
A	19:26:56.083	"(0x) 01-10-5C-FF-FF-FF-FF-FF-FF-FF-FF-FF-FF-FF-FF-FF-FF-FF-FF-FF" received
I	19:26:56.646	Notification received from 00000013-0000-4b49-4e4f-525441474947, value: (0x) 01-10-67-FF-FF-FF-FF-FF-FF-FF-FF-FF-FF-FF-FF-FF-FF-FF-FF-FF
A	19:26:56.646	"(0x) 01-10-67-FF-FF-FF-FF-FF-FF-FF-FF-FF-FF-FF-FF-FF-FF-FF-FF-FF" received
I	19:26:57.133	Notification received from 00000013-0000-4b49-4e4f-525441474947, value: (0x) 01-10-24-FF-FF-FF-FF-FF-FF-FF-FF-FF-FF-FF-FF-FF-FF-FF-FF-FF
A	19:26:57.133	"(0x) 01-10-24-FF-FF-FF-FF-FF-FF-FF-FF-FF-FF-FF-FF-FF-FF-FF-FF-FF" received
I	19:26:57.696	Notification received from 00000013-0000-4b49-4e4f-525441474947, value: (0x) 01-10-5C-FF-FF-FF-FF-FF-FF-FF-FF-FF-FF-FF-FF-FF-FF-FF-FF-FF
A	19:26:57.696	"(0x) 01-10-5C-FF-FF-FF-FF-FF-FF-FF-FF-FF-FF-FF-FF-FF-FF-FF-FF-FF" received
I	19:26:58.183	Notification received from 00000013-0000-4b49-4e4f-525441474947, value: (0x) 01-10-67-FF-FF-FF-FF-FF-FF-FF-FF-FF-FF-FF-FF-FF-FF-FF-FF-FF
A	19:26:58.183	"(0x) 01-10-67-FF-FF-FF-FF-FF-FF-FF-FF-FF-FF-FF-FF-FF-FF-FF-FF-FF" received
I	19:26:58.746	Notification received from 00000013-0000-4b49-4e4f-525441474947, value: (0x) 01-10-24-FF-FF-FF-FF-FF-FF-FF-FF-FF-FF-FF-FF-FF-FF-FF-FF-FF
A	19:26:58.746	"(0x) 01-10-24-FF-FF-FF-FF-FF-FF-FF-FF-FF-FF-FF-FF-FF-FF-FF-FF-FF" received
I	19:26:59.233	Notification received from 00000013-0000-4b49-4e4f-525441474947, value: (0x) 01-10-5C-FF-FF-FF-FF-FF-FF-FF-FF-FF-FF-FF-FF-FF-FF-FF-FF-FF
A	19:26:59.233	"(0x) 01-10-5C-FF-FF-FF-FF-FF-FF-FF-FF-FF-FF-FF-FF-FF-FF-FF-FF-FF" received
I	19:26:59.757	Notification received from 00000013-0000-4b49-4e4f-525441474947, value: (0x) 01-10-67-FF-FF-FF-FF-FF-FF-FF-FF-FF-FF-FF-FF-FF-FF-FF-FF-FF
A	19:26:59.757	"(0x) 01-10-67-FF-FF-FF-FF-FF-FF-FF-FF-FF-FF-FF-FF-FF-FF-FF-FF-FF" received
I	19:27:00.284	Notification received from 00000013-0000-4b49-4e4f-525441474947, value: (0x) 01-10-24-FF-FF-FF-FF-FF-FF-FF-FF-FF-FF-FF-FF-FF-FF-FF-FF-FF
A	19:27:00.284	"(0x) 01-10-24-FF-FF-FF-FF-FF-FF-FF-FF-FF-FF-FF-FF-FF-FF-FF-FF-FF" received
I	19:27:00.846	Notification received from 00000013-0000-4b49-4e4f-525441474947, value: (0x) 01-10-5C-FF-FF-FF-FF-FF-FF-FF-FF-FF-FF-FF-FF-FF-FF-FF-FF-FF
A	19:27:00.846	"(0x) 01-10-5C-FF-FF-FF-FF-FF-FF-FF-FF-FF-FF-FF-FF-FF-FF-FF-FF-FF" received
I	19:27:01.334	Notification received from 00000013-0000-4b49-4e4f-525441474947, value: (0x) 01-10-67-FF-FF-FF-FF-FF-FF-FF-FF-FF-FF-FF-FF-FF-FF-FF-FF-FF
A	19:27:01.334	"(0x) 01-10-67-FF-FF-FF-FF-FF-FF-FF-FF-FF-FF-FF-FF-FF-FF-FF-FF-FF" received
I	19:27:01.858	Notification received from 00000013-0000-4b49-4e4f-525441474947, value: (0x) 01-10-24-FF-FF-FF-FF-FF-FF-FF-FF-FF-FF-FF-FF-FF-FF-FF-FF-FF
A	19:27:01.858	"(0x) 01-10-24-FF-FF-FF-FF-FF-FF-FF-FF-FF-FF-FF-FF-FF-FF-FF-FF-FF" received
I	19:27:02.345	Notification received from 00000013-0000-4b49-4e4f-525441474947, value: (0x) 01-10-5C-FF-FF-FF-FF-FF-FF-FF-FF-FF-FF-FF-FF-FF-FF-FF-FF-FF
A	19:27:02.346	"(0x) 01-10-5C-FF-FF-FF-FF-FF-FF-FF-FF-FF-FF-FF-FF-FF-FF-FF-FF-FF" received
I	19:27:02.870	Notification received from 00000013-0000-4b49-4e4f-525441474947, value: (0x) 01-10-67-FF-FF-FF-FF-FF-FF-FF-FF-FF-FF-FF-FF-FF-FF-FF-FF-FF
A	19:27:02.870	"(0x) 01-10-67-FF-FF-FF-FF-FF-FF-FF-FF-FF-FF-FF-FF-FF-FF-FF-FF-FF" received
I	19:27:03.396	Notification received from 00000013-0000-4b49-4e4f-525441474947, value: (0x) 01-10-24-FF-FF-FF-FF-FF-FF-FF-FF-FF-FF-FF-FF-FF-FF-FF-FF-FF
A	19:27:03.396	"(0x) 01-10-24-FF-FF-FF-FF-FF-FF-FF-FF-FF-FF-FF-FF-FF-FF-FF-FF-FF" received
I	19:27:03.919	Notification received from 00000013-0000-4b49-4e4f-525441474947, value: (0x) 01-10-5C-FF-FF-FF-FF-FF-FF-FF-FF-FF-FF-FF-FF-FF-FF-FF-FF-FF
A	19:27:03.919	"(0x) 01-10-5C-FF-FF-FF-FF-FF-FF-FF-FF-FF-FF-FF-FF-FF-FF-FF-FF-FF" received
I	19:27:04.446	Notification received from 00000013-0000-4b49-4e4f-525441474947, value: (0x) 01-10-67-FF-FF-FF-FF-FF-FF-FF-FF-FF-FF-FF-FF-FF-FF-FF-FF-FF
A	19:27:04.446	"(0x) 01-10-67-FF-FF-FF-FF-FF-FF-FF-FF-FF-FF-FF-FF-FF-FF-FF-FF-FF" received
I	19:27:04.970	Notification received from 00000013-0000-4b49-4e4f-525441474947, value: (0x) 01-10-24-FF-FF-FF-FF-FF-FF-FF-FF-FF-FF-FF-FF-FF-FF-FF-FF-FF
A	19:27:04.970	"(0x) 01-10-24-FF-FF-FF-FF-FF-FF-FF-FF-FF-FF-FF-FF-FF-FF-FF-FF-FF" received
I	19:27:05.495	Notification received from 00000013-0000-4b49-4e4f-525441474947, value: (0x) 01-10-5C-FF-FF-FF-FF-FF-FF-FF-FF-FF-FF-FF-FF-FF-FF-FF-FF-FF
A	19:27:05.495	"(0x) 01-10-5C-FF-FF-FF-FF-FF-FF-FF-FF-FF-FF-FF-FF-FF-FF-FF-FF-FF" received
I	19:27:06.058	Notification received from 00000013-0000-4b49-4e4f-525441474947, value: (0x) 01-10-67-FF-FF-FF-FF-FF-FF-FF-FF-FF-FF-FF-FF-FF-FF-FF-FF-FF
A	19:27:06.058	"(0x) 01-10-67-FF-FF-FF-FF-FF-FF-FF-FF-FF-FF-FF-FF-FF-FF-FF-FF-FF" received
I	19:27:06.546	Notification received from 00000013-0000-4b49-4e4f-525441474947, value: (0x) 01-10-24-FF-FF-FF-FF-FF-FF-FF-FF-FF-FF-FF-FF-FF-FF-FF-FF-FF
A	19:27:06.546	"(0x) 01-10-24-FF-FF-FF-FF-FF-FF-FF-FF-FF-FF-FF-FF-FF-FF-FF-FF-FF" received
I	19:27:07.070	Notification received from 00000013-0000-4b49-4e4f-525441474947, value: (0x) 01-10-5C-FF-FF-FF-FF-FF-FF-FF-FF-FF-FF-FF-FF-FF-FF-FF-FF-FF
A	19:27:07.070	"(0x) 01-10-5C-FF-FF-FF-FF-FF-FF-FF-FF-FF-FF-FF-FF-FF-FF-FF-FF-FF" received
I	19:27:07.597	Notification received from 00000013-0000-4b49-4e4f-525441474947, value: (0x) 01-10-67-FF-FF-FF-FF-FF-FF-FF-FF-FF-FF-FF-FF-FF-FF-FF-FF-FF
A	19:27:07.597	"(0x) 01-10-67-FF-FF-FF-FF-FF-FF-FF-FF-FF-FF-FF-FF-FF-FF-FF-FF-FF" received
I	19:27:08.121	Notification received from 00000013-0000-4b49-4e4f-525441474947, value: (0x) 01-10-24-FF-FF-FF-FF-FF-FF-FF-FF-FF-FF-FF-FF-FF-FF-FF-FF-FF
A	19:27:08.121	"(0x) 01-10-24-FF-FF-FF-FF-FF-FF-FF-FF-FF-FF-FF-FF-FF-FF-FF-FF-FF" received
I	19:27:08.683	Notification received from 00000013-0000-4b49-4e4f-525441474947, value: (0x) 01-10-5C-FF-FF-FF-FF-FF-FF-FF-FF-FF-FF-FF-FF-FF-FF-FF-FF-FF
A	19:27:08.683	"(0x) 01-10-5C-FF-FF-FF-FF-FF-FF-FF-FF-FF-FF-FF-FF-FF-FF-FF-FF-FF" received
I	19:27:09.171	Notification received from 00000013-0000-4b49-4e4f-525441474947, value: (0x) 01-10-67-FF-FF-FF-FF-FF-FF-FF-FF-FF-FF-FF-FF-FF-FF-FF-FF-FF
A	19:27:09.171	"(0x) 01-10-67-FF-FF-FF-FF-FF-FF-FF-FF-FF-FF-FF-FF-FF-FF-FF-FF-FF" received
I	19:27:09.733	Notification received from 00000013-0000-4b49-4e4f-525441474947, value: (0x) 01-10-24-FF-FF-FF-FF-FF-FF-FF-FF-FF-FF-FF-FF-FF-FF-FF-FF-FF
A	19:27:09.733	"(0x) 01-10-24-FF-FF-FF-FF-FF-FF-FF-FF-FF-FF-FF-FF-FF-FF-FF-FF-FF" received
I	19:27:10.220	Notification received from 00000013-0000-4b49-4e4f-525441474947, value: (0x) 01-10-5C-FF-FF-FF-FF-FF-FF-FF-FF-FF-FF-FF-FF-FF-FF-FF-FF-FF
A	19:27:10.220	"(0x) 01-10-5C-FF-FF-FF-FF-FF-FF-FF-FF-FF-FF-FF-FF-FF-FF-FF-FF-FF" received
I	19:27:10.859	Notification received from 00000013-0000-4b49-4e4f-525441474947, value: (0x) 01-10-67-FF-FF-FF-FF-FF-FF-FF-FF-FF-FF-FF-FF-FF-FF-FF-FF-FF
A	19:27:10.859	"(0x) 01-10-67-FF-FF-FF-FF-FF-FF-FF-FF-FF-FF-FF-FF-FF-FF-FF-FF-FF" received
I	19:27:11.795	Notification received from 00000013-0000-4b49-4e4f-525441474947, value: (0x) 01-10-5C-FF-FF-FF-FF-FF-FF-FF-FF-FF-FF-FF-FF-FF-FF-FF-FF-FF
A	19:27:11.795	"(0x) 01-10-5C-FF-FF-FF-FF-FF-FF-FF-FF-FF-FF-FF-FF-FF-FF-FF-FF-FF" received
I	19:27:12.320	Notification received from 00000013-0000-4b49-4e4f-525441474947, value: (0x) 01-10-67-FF-FF-FF-FF-FF-FF-FF-FF-FF-FF-FF-FF-FF-FF-FF-FF-FF
A	19:27:12.320	"(0x) 01-10-67-FF-FF-FF-FF-FF-FF-FF-FF-FF-FF-FF-FF-FF-FF-FF-FF-FF" received
I	19:27:12.920	Notification received from 00000013-0000-4b49-4e4f-525441474947, value: (0x) 01-10-24-FF-FF-FF-FF-FF-FF-FF-FF-FF-FF-FF-FF-FF-FF-FF-FF-FF
A	19:27:12.920	"(0x) 01-10-24-FF-FF-FF-FF-FF-FF-FF-FF-FF-FF-FF-FF-FF-FF-FF-FF-FF" received
I	19:27:13.446	Notification received from 00000013-0000-4b49-4e4f-525441474947, value: (0x) 01-10-5C-FF-FF-FF-FF-FF-FF-FF-FF-FF-FF-FF-FF-FF-FF-FF-FF-FF
A	19:27:13.446	"(0x) 01-10-5C-FF-FF-FF-FF-FF-FF-FF-FF-FF-FF-FF-FF-FF-FF-FF-FF-FF" received
I	19:27:13.972	Notification received from 00000013-0000-4b49-4e4f-525441474947, value: (0x) 01-10-67-FF-FF-FF-FF-FF-FF-FF-FF-FF-FF-FF-FF-FF-FF-FF-FF-FF
A	19:27:13.972	"(0x) 01-10-67-FF-FF-FF-FF-FF-FF-FF-FF-FF-FF-FF-FF-FF-FF-FF-FF-FF" received
I	19:27:14.533	Notification received from 00000013-0000-4b49-4e4f-525441474947, value: (0x) 01-10-24-FF-FF-FF-FF-FF-FF-FF-FF-FF-FF-FF-FF-FF-FF-FF-FF-FF
A	19:27:14.533	"(0x) 01-10-24-FF-FF-FF-FF-FF-FF-FF-FF-FF-FF-FF-FF-FF-FF-FF-FF-FF" received
I	19:27:15.095	Notification received from 00000013-0000-4b49-4e4f-525441474947, value: (0x) 01-10-5C-FF-FF-FF-FF-FF-FF-FF-FF-FF-FF-FF-FF-FF-FF-FF-FF-FF
A	19:27:15.095	"(0x) 01-10-5C-FF-FF-FF-FF-FF-FF-FF-FF-FF-FF-FF-FF-FF-FF-FF-FF-FF" received
I	19:27:15.470	Notification received from 00000013-0000-4b49-4e4f-525441474947, value: (0x) 01-10-67-FF-FF-FF-FF-FF-FF-FF-FF-FF-FF-FF-FF-FF-FF-FF-FF-FF
A	19:27:15.470	"(0x) 01-10-67-FF-FF-FF-FF-FF-FF-FF-FF-FF-FF-FF-FF-FF-FF-FF-FF-FF" received
I	19:27:15.995	Notification received from 00000013-0000-4b49-4e4f-525441474947, value: (0x) 01-10-24-FF-FF-FF-FF-FF-FF-FF-FF-FF-FF-FF-FF-FF-FF-FF-FF-FF
A	19:27:15.995	"(0x) 01-10-24-FF-FF-FF-FF-FF-FF-FF-FF-FF-FF-FF-FF-FF-FF-FF-FF-FF" received
I	19:27:16.521	Notification received from 00000013-0000-4b49-4e4f-525441474947, value: (0x) 01-10-5C-FF-FF-FF-FF-FF-FF-FF-FF-FF-FF-FF-FF-FF-FF-FF-FF-FF
A	19:27:16.521	"(0x) 01-10-5C-FF-FF-FF-FF-FF-FF-FF-FF-FF-FF-FF-FF-FF-FF-FF-FF-FF" received
I	19:27:17.008	Notification received from 00000013-0000-4b49-4e4f-525441474947, value: (0x) 01-10-67-FF-FF-FF-FF-FF-FF-FF-FF-FF-FF-FF-FF-FF-FF-FF-FF-FF
A	19:27:17.008	"(0x) 01-10-67-FF-FF-FF-FF-FF-FF-FF-FF-FF-FF-FF-FF-FF-FF-FF-FF-FF" received
I	19:27:17.571	Notification received from 00000013-0000-4b49-4e4f-525441474947, value: (0x) 01-10-24-FF-FF-FF-FF-FF-FF-FF-FF-FF-FF-FF-FF-FF-FF-FF-FF-FF
A	19:27:17.571	"(0x) 01-10-24-FF-FF-FF-FF-FF-FF-FF-FF-FF-FF-FF-FF-FF-FF-FF-FF-FF" received
I	19:27:18.058	Notification received from 00000013-0000-4b49-4e4f-525441474947, value: (0x) 01-10-5C-FF-FF-FF-FF-FF-FF-FF-FF-FF-FF-FF-FF-FF-FF-FF-FF-FF
A	19:27:18.058	"(0x) 01-10-5C-FF-FF-FF-FF-FF-FF-FF-FF-FF-FF-FF-FF-FF-FF-FF-FF-FF" received
I	19:27:18.584	Notification received from 00000013-0000-4b49-4e4f-525441474947, value: (0x) 01-10-67-FF-FF-FF-FF-FF-FF-FF-FF-FF-FF-FF-FF-FF-FF-FF-FF-FF
A	19:27:18.584	"(0x) 01-10-67-FF-FF-FF-FF-FF-FF-FF-FF-FF-FF-FF-FF-FF-FF-FF-FF-FF" received
I	19:27:19.145	Notification received from 00000013-0000-4b49-4e4f-525441474947, value: (0x) 01-10-24-FF-FF-FF-FF-FF-FF-FF-FF-FF-FF-FF-FF-FF-FF-FF-FF-FF
A	19:27:19.146	"(0x) 01-10-24-FF-FF-FF-FF-FF-FF-FF-FF-FF-FF-FF-FF-FF-FF-FF-FF-FF" received
I	19:27:19.745	Notification received from 00000013-0000-4b49-4e4f-525441474947, value: (0x) 01-10-5C-FF-FF-FF-FF-FF-FF-FF-FF-FF-FF-FF-FF-FF-FF-FF-FF-FF
A	19:27:19.745	"(0x) 01-10-5C-FF-FF-FF-FF-FF-FF-FF-FF-FF-FF-FF-FF-FF-FF-FF-FF-FF" received
I	19:27:20.158	Notification received from 00000013-0000-4b49-4e4f-525441474947, value: (0x) 01-10-67-FF-FF-FF-FF-FF-FF-FF-FF-FF-FF-FF-FF-FF-FF-FF-FF-FF
A	19:27:20.158	"(0x) 01-10-67-FF-FF-FF-FF-FF-FF-FF-FF-FF-FF-FF-FF-FF-FF-FF-FF-FF" received
I	19:27:20.683	Notification received from 00000013-0000-4b49-4e4f-525441474947, value: (0x) 01-10-24-FF-FF-FF-FF-FF-FF-FF-FF-FF-FF-FF-FF-FF-FF-FF-FF-FF
A	19:27:20.683	"(0x) 01-10-24-FF-FF-FF-FF-FF-FF-FF-FF-FF-FF-FF-FF-FF-FF-FF-FF-FF" received
I	19:27:21.247	Notification received from 00000013-0000-4b49-4e4f-525441474947, value: (0x) 01-10-5C-FF-FF-FF-FF-FF-FF-FF-FF-FF-FF-FF-FF-FF-FF-FF-FF-FF
A	19:27:21.247	"(0x) 01-10-5C-FF-FF-FF-FF-FF-FF-FF-FF-FF-FF-FF-FF-FF-FF-FF-FF-FF" received
I	19:27:21.772	Notification received from 00000013-0000-4b49-4e4f-525441474947, value: (0x) 01-10-67-FF-FF-FF-FF-FF-FF-FF-FF-FF-FF-FF-FF-FF-FF-FF-FF-FF
A	19:27:21.772	"(0x) 01-10-67-FF-FF-FF-FF-FF-FF-FF-FF-FF-FF-FF-FF-FF-FF-FF-FF-FF" received
I	19:27:22.296	Notification received from 00000013-0000-4b49-4e4f-525441474947, value: (0x) 01-10-24-FF-FF-FF-FF-FF-FF-FF-FF-FF-FF-FF-FF-FF-FF-FF-FF-FF
A	19:27:22.296	"(0x) 01-10-24-FF-FF-FF-FF-FF-FF-FF-FF-FF-FF-FF-FF-FF-FF-FF-FF-FF" received
I	19:27:22.820	Notification received from 00000013-0000-4b49-4e4f-525441474947, value: (0x) 01-10-5C-FF-FF-FF-FF-FF-FF-FF-FF-FF-FF-FF-FF-FF-FF-FF-FF-FF
A	19:27:22.820	"(0x) 01-10-5C-FF-FF-FF-FF-FF-FF-FF-FF-FF-FF-FF-FF-FF-FF-FF-FF-FF" received
I	19:27:23.345	Notification received from 00000013-0000-4b49-4e4f-525441474947, value: (0x) 01-10-67-FF-FF-FF-FF-FF-FF-FF-FF-FF-FF-FF-FF-FF-FF-FF-FF-FF
A	19:27:23.345	"(0x) 01-10-67-FF-FF-FF-FF-FF-FF-FF-FF-FF-FF-FF-FF-FF-FF-FF-FF-FF" received
I	19:27:23.833	Notification received from 00000013-0000-4b49-4e4f-525441474947, value: (0x) 01-10-24-FF-FF-FF-FF-FF-FF-FF-FF-FF-FF-FF-FF-FF-FF-FF-FF-FF
A	19:27:23.833	"(0x) 01-10-24-FF-FF-FF-FF-FF-FF-FF-FF-FF-FF-FF-FF-FF-FF-FF-FF-FF" received
I	19:27:24.396	Notification received from 00000013-0000-4b49-4e4f-525441474947, value: (0x) 01-10-5C-FF-FF-FF-FF-FF-FF-FF-FF-FF-FF-FF-FF-FF-FF-FF-FF-FF
A	19:27:24.396	"(0x) 01-10-5C-FF-FF-FF-FF-FF-FF-FF-FF-FF-FF-FF-FF-FF-FF-FF-FF-FF" received
I	19:27:24.920	Notification received from 00000013-0000-4b49-4e4f-525441474947, value: (0x) 01-10-67-FF-FF-FF-FF-FF-FF-FF-FF-FF-FF-FF-FF-FF-FF-FF-FF-FF
A	19:27:24.920	"(0x) 01-10-67-FF-FF-FF-FF-FF-FF-FF-FF-FF-FF-FF-FF-FF-FF-FF-FF-FF" received
I	19:27:25.409	Notification received from 00000013-0000-4b49-4e4f-525441474947, value: (0x) 01-10-24-FF-FF-FF-FF-FF-FF-FF-FF-FF-FF-FF-FF-FF-FF-FF-FF-FF
A	19:27:25.409	"(0x) 01-10-24-FF-FF-FF-FF-FF-FF-FF-FF-FF-FF-FF-FF-FF-FF-FF-FF-FF" received
I	19:27:25.933	Notification received from 00000013-0000-4b49-4e4f-525441474947, value: (0x) 01-10-67-FF-FF-FF-FF-FF-FF-FF-FF-FF-FF-FF-FF-FF-FF-FF-FF-FF
A	19:27:25.933	"(0x) 01-10-67-FF-FF-FF-FF-FF-FF-FF-FF-FF-FF-FF-FF-FF-FF-FF-FF-FF" received
I	19:27:26.984	Notification received from 00000013-0000-4b49-4e4f-525441474947, value: (0x) 01-10-24-FF-FF-FF-FF-FF-FF-FF-FF-FF-FF-FF-FF-FF-FF-FF-FF-FF
A	19:27:26.984	"(0x) 01-10-24-FF-FF-FF-FF-FF-FF-FF-FF-FF-FF-FF-FF-FF-FF-FF-FF-FF" received
I	19:27:27.470	Notification received from 00000013-0000-4b49-4e4f-525441474947, value: (0x) 01-10-5C-FF-FF-FF-FF-FF-FF-FF-FF-FF-FF-FF-FF-FF-FF-FF-FF-FF
A	19:27:27.470	"(0x) 01-10-5C-FF-FF-FF-FF-FF-FF-FF-FF-FF-FF-FF-FF-FF-FF-FF-FF-FF" received
I	19:27:27.996	Notification received from 00000013-0000-4b49-4e4f-525441474947, value: (0x) 01-10-67-FF-FF-FF-FF-FF-FF-FF-FF-FF-FF-FF-FF-FF-FF-FF-FF-FF
A	19:27:27.996	"(0x) 01-10-67-FF-FF-FF-FF-FF-FF-FF-FF-FF-FF-FF-FF-FF-FF-FF-FF-FF" received
I	19:27:28.521	Notification received from 00000013-0000-4b49-4e4f-525441474947, value: (0x) 01-10-24-FF-FF-FF-FF-FF-FF-FF-FF-FF-FF-FF-FF-FF-FF-FF-FF-FF
A	19:27:28.521	"(0x) 01-10-24-FF-FF-FF-FF-FF-FF-FF-FF-FF-FF-FF-FF-FF-FF-FF-FF-FF" received
I	19:27:29.534	Notification received from 00000013-0000-4b49-4e4f-525441474947, value: (0x) 01-10-67-FF-FF-FF-FF-FF-FF-FF-FF-FF-FF-FF-FF-FF-FF-FF-FF-FF
A	19:27:29.534	"(0x) 01-10-67-FF-FF-FF-FF-FF-FF-FF-FF-FF-FF-FF-FF-FF-FF-FF-FF-FF" received
I	19:27:31.146	Notification received from 00000013-0000-4b49-4e4f-525441474947, value: (0x) 01-10-24-FF-FF-FF-FF-FF-FF-FF-FF-FF-FF-FF-FF-FF-FF-FF-FF-FF
A	19:27:31.146	"(0x) 01-10-24-FF-FF-FF-FF-FF-FF-FF-FF-FF-FF-FF-FF-FF-FF-FF-FF-FF" received
I	19:27:31.670	Notification received from 00000013-0000-4b49-4e4f-525441474947, value: (0x) 01-10-5C-FF-FF-FF-FF-FF-FF-FF-FF-FF-FF-FF-FF-FF-FF-FF-FF-FF
A	19:27:31.670	"(0x) 01-10-5C-FF-FF-FF-FF-FF-FF-FF-FF-FF-FF-FF-FF-FF-FF-FF-FF-FF" received
I	19:27:32.196	Notification received from 00000013-0000-4b49-4e4f-525441474947, value: (0x) 01-10-67-FF-FF-FF-FF-FF-FF-FF-FF-FF-FF-FF-FF-FF-FF-FF-FF-FF
A	19:27:32.196	"(0x) 01-10-67-FF-FF-FF-FF-FF-FF-FF-FF-FF-FF-FF-FF-FF-FF-FF-FF-FF" received
I	19:27:32.683	Notification received from 00000013-0000-4b49-4e4f-525441474947, value: (0x) 01-10-24-FF-FF-FF-FF-FF-FF-FF-FF-FF-FF-FF-FF-FF-FF-FF-FF-FF
A	19:27:32.683	"(0x) 01-10-24-FF-FF-FF-FF-FF-FF-FF-FF-FF-FF-FF-FF-FF-FF-FF-FF-FF" received
I	19:27:32.983	Notification received from 00000013-0000-4b49-4e4f-525441474947, value: (0x) 01-07-0C-FF-FF-FF-FF-FF-FF-FF-FF-FF-FF-FF-FF-FF-FF-FF-FF-FF
A	19:27:32.983	"(0x) 01-07-0C-FF-FF-FF-FF-FF-FF-FF-FF-FF-FF-FF-FF-FF-FF-FF-FF-FF" received
I	19:27:33.246	Notification received from 00000013-0000-4b49-4e4f-525441474947, value: (0x) 01-10-5C-FF-FF-FF-FF-FF-FF-FF-FF-FF-FF-FF-FF-FF-FF-FF-FF-FF
A	19:27:33.246	"(0x) 01-10-5C-FF-FF-FF-FF-FF-FF-FF-FF-FF-FF-FF-FF-FF-FF-FF-FF-FF" received
I	19:27:33.733	Notification received from 00000013-0000-4b49-4e4f-525441474947, value: (0x) 01-10-67-FF-FF-FF-FF-FF-FF-FF-FF-FF-FF-FF-FF-FF-FF-FF-FF-FF
A	19:27:33.733	"(0x) 01-10-67-FF-FF-FF-FF-FF-FF-FF-FF-FF-FF-FF-FF-FF-FF-FF-FF-FF" received
I	19:27:34.258	Notification received from 00000013-0000-4b49-4e4f-525441474947, value: (0x) 01-10-24-FF-FF-FF-FF-FF-FF-FF-FF-FF-FF-FF-FF-FF-FF-FF-FF-FF
A	19:27:34.258	"(0x) 01-10-24-FF-FF-FF-FF-FF-FF-FF-FF-FF-FF-FF-FF-FF-FF-FF-FF-FF" received
I	19:27:34.783	Notification received from 00000013-0000-4b49-4e4f-525441474947, value: (0x) 01-10-5C-FF-FF-FF-FF-FF-FF-FF-FF-FF-FF-FF-FF-FF-FF-FF-FF-FF
A	19:27:34.783	"(0x) 01-10-5C-FF-FF-FF-FF-FF-FF-FF-FF-FF-FF-FF-FF-FF-FF-FF-FF-FF" received
I	19:27:35.046	Notification received from 00000013-0000-4b49-4e4f-525441474947, value: (0x) 01-07-0B-FF-FF-FF-FF-FF-FF-FF-FF-FF-FF-FF-FF-FF-FF-FF-FF-FF
A	19:27:35.046	"(0x) 01-07-0B-FF-FF-FF-FF-FF-FF-FF-FF-FF-FF-FF-FF-FF-FF-FF-FF-FF" received
I	19:27:35.308	Notification received from 00000013-0000-4b49-4e4f-525441474947, value: (0x) 01-10-67-FF-FF-FF-FF-FF-FF-FF-FF-FF-FF-FF-FF-FF-FF-FF-FF-FF
A	19:27:35.308	"(0x) 01-10-67-FF-FF-FF-FF-FF-FF-FF-FF-FF-FF-FF-FF-FF-FF-FF-FF-FF" received
I	19:27:35.871	Notification received from 00000013-0000-4b49-4e4f-525441474947, value: (0x) 01-10-24-FF-FF-FF-FF-FF-FF-FF-FF-FF-FF-FF-FF-FF-FF-FF-FF-FF
A	19:27:35.871	"(0x) 01-10-24-FF-FF-FF-FF-FF-FF-FF-FF-FF-FF-FF-FF-FF-FF-FF-FF-FF" received
I	19:27:36.133	Notification received from 00000013-0000-4b49-4e4f-525441474947, value: (0x) 01-07-0C-FF-FF-FF-FF-FF-FF-FF-FF-FF-FF-FF-FF-FF-FF-FF-FF-FF
A	19:27:36.134	"(0x) 01-07-0C-FF-FF-FF-FF-FF-FF-FF-FF-FF-FF-FF-FF-FF-FF-FF-FF-FF" received
I	19:27:36.358	Notification received from 00000013-0000-4b49-4e4f-525441474947, value: (0x) 01-10-5C-FF-FF-FF-FF-FF-FF-FF-FF-FF-FF-FF-FF-FF-FF-FF-FF-FF
A	19:27:36.358	"(0x) 01-10-5C-FF-FF-FF-FF-FF-FF-FF-FF-FF-FF-FF-FF-FF-FF-FF-FF-FF" received
I	19:27:36.846	Notification received from 00000013-0000-4b49-4e4f-525441474947, value: (0x) 01-10-67-FF-FF-FF-FF-FF-FF-FF-FF-FF-FF-FF-FF-FF-FF-FF-FF-FF
A	19:27:36.846	"(0x) 01-10-67-FF-FF-FF-FF-FF-FF-FF-FF-FF-FF-FF-FF-FF-FF-FF-FF-FF" received
I	19:27:37.371	Notification received from 00000013-0000-4b49-4e4f-525441474947, value: (0x) 01-10-24-FF-FF-FF-FF-FF-FF-FF-FF-FF-FF-FF-FF-FF-FF-FF-FF-FF
A	19:27:37.371	"(0x) 01-10-24-FF-FF-FF-FF-FF-FF-FF-FF-FF-FF-FF-FF-FF-FF-FF-FF-FF" received
I	19:27:37.896	Notification received from 00000013-0000-4b49-4e4f-525441474947, value: (0x) 01-10-5C-FF-FF-FF-FF-FF-FF-FF-FF-FF-FF-FF-FF-FF-FF-FF-FF-FF
A	19:27:37.896	"(0x) 01-10-5C-FF-FF-FF-FF-FF-FF-FF-FF-FF-FF-FF-FF-FF-FF-FF-FF-FF" received
I	19:27:38.534	Notification received from 00000013-0000-4b49-4e4f-525441474947, value: (0x) 01-10-67-FF-FF-FF-FF-FF-FF-FF-FF-FF-FF-FF-FF-FF-FF-FF-FF-FF
A	19:27:38.534	"(0x) 01-10-67-FF-FF-FF-FF-FF-FF-FF-FF-FF-FF-FF-FF-FF-FF-FF-FF-FF" received
I	19:27:38.983	Notification received from 00000013-0000-4b49-4e4f-525441474947, value: (0x) 01-10-24-FF-FF-FF-FF-FF-FF-FF-FF-FF-FF-FF-FF-FF-FF-FF-FF-FF
A	19:27:38.983	"(0x) 01-10-24-FF-FF-FF-FF-FF-FF-FF-FF-FF-FF-FF-FF-FF-FF-FF-FF-FF" received
I	19:27:39.508	Notification received from 00000013-0000-4b49-4e4f-525441474947, value: (0x) 01-10-5C-FF-FF-FF-FF-FF-FF-FF-FF-FF-FF-FF-FF-FF-FF-FF-FF-FF
A	19:27:39.508	"(0x) 01-10-5C-FF-FF-FF-FF-FF-FF-FF-FF-FF-FF-FF-FF-FF-FF-FF-FF-FF" received
I	19:27:40.033	Notification received from 00000013-0000-4b49-4e4f-525441474947, value: (0x) 01-10-67-FF-FF-FF-FF-FF-FF-FF-FF-FF-FF-FF-FF-FF-FF-FF-FF-FF
A	19:27:40.033	"(0x) 01-10-67-FF-FF-FF-FF-FF-FF-FF-FF-FF-FF-FF-FF-FF-FF-FF-FF-FF" received
I	19:27:40.596	Notification received from 00000013-0000-4b49-4e4f-525441474947, value: (0x) 01-10-24-FF-FF-FF-FF-FF-FF-FF-FF-FF-FF-FF-FF-FF-FF-FF-FF-FF
A	19:27:40.596	"(0x) 01-10-24-FF-FF-FF-FF-FF-FF-FF-FF-FF-FF-FF-FF-FF-FF-FF-FF-FF" received
I	19:27:41.084	Notification received from 00000013-0000-4b49-4e4f-525441474947, value: (0x) 01-10-5C-FF-FF-FF-FF-FF-FF-FF-FF-FF-FF-FF-FF-FF-FF-FF-FF-FF
A	19:27:41.084	"(0x) 01-10-5C-FF-FF-FF-FF-FF-FF-FF-FF-FF-FF-FF-FF-FF-FF-FF-FF-FF" received
I	19:27:41.645	Notification received from 00000013-0000-4b49-4e4f-525441474947, value: (0x) 01-10-67-FF-FF-FF-FF-FF-FF-FF-FF-FF-FF-FF-FF-FF-FF-FF-FF-FF
A	19:27:41.645	"(0x) 01-10-67-FF-FF-FF-FF-FF-FF-FF-FF-FF-FF-FF-FF-FF-FF-FF-FF-FF" received
I	19:27:42.133	Notification received from 00000013-0000-4b49-4e4f-525441474947, value: (0x) 01-10-24-FF-FF-FF-FF-FF-FF-FF-FF-FF-FF-FF-FF-FF-FF-FF-FF-FF
A	19:27:42.133	"(0x) 01-10-24-FF-FF-FF-FF-FF-FF-FF-FF-FF-FF-FF-FF-FF-FF-FF-FF-FF" received
I	19:27:42.659	Notification received from 00000013-0000-4b49-4e4f-525441474947, value: (0x) 01-10-5C-FF-FF-FF-FF-FF-FF-FF-FF-FF-FF-FF-FF-FF-FF-FF-FF-FF
A	19:27:42.659	"(0x) 01-10-5C-FF-FF-FF-FF-FF-FF-FF-FF-FF-FF-FF-FF-FF-FF-FF-FF-FF" received
I	19:27:43.146	Notification received from 00000013-0000-4b49-4e4f-525441474947, value: (0x) 01-10-67-FF-FF-FF-FF-FF-FF-FF-FF-FF-FF-FF-FF-FF-FF-FF-FF-FF
A	19:27:43.146	"(0x) 01-10-67-FF-FF-FF-FF-FF-FF-FF-FF-FF-FF-FF-FF-FF-FF-FF-FF-FF" received
I	19:27:43.745	Notification received from 00000013-0000-4b49-4e4f-525441474947, value: (0x) 01-10-24-FF-FF-FF-FF-FF-FF-FF-FF-FF-FF-FF-FF-FF-FF-FF-FF-FF
A	19:27:43.746	"(0x) 01-10-24-FF-FF-FF-FF-FF-FF-FF-FF-FF-FF-FF-FF-FF-FF-FF-FF-FF" received
I	19:27:44.196	Notification received from 00000013-0000-4b49-4e4f-525441474947, value: (0x) 01-10-5C-FF-FF-FF-FF-FF-FF-FF-FF-FF-FF-FF-FF-FF-FF-FF-FF-FF
A	19:27:44.196	"(0x) 01-10-5C-FF-FF-FF-FF-FF-FF-FF-FF-FF-FF-FF-FF-FF-FF-FF-FF-FF" received
I	19:27:44.758	Notification received from 00000013-0000-4b49-4e4f-525441474947, value: (0x) 01-10-67-FF-FF-FF-FF-FF-FF-FF-FF-FF-FF-FF-FF-FF-FF-FF-FF-FF
A	19:27:44.758	"(0x) 01-10-67-FF-FF-FF-FF-FF-FF-FF-FF-FF-FF-FF-FF-FF-FF-FF-FF-FF" received
I	19:27:45.284	Notification received from 00000013-0000-4b49-4e4f-525441474947, value: (0x) 01-10-24-FF-FF-FF-FF-FF-FF-FF-FF-FF-FF-FF-FF-FF-FF-FF-FF-FF
A	19:27:45.284	"(0x) 01-10-24-FF-FF-FF-FF-FF-FF-FF-FF-FF-FF-FF-FF-FF-FF-FF-FF-FF" received
I	19:27:45.808	Notification received from 00000013-0000-4b49-4e4f-525441474947, value: (0x) 01-10-5C-FF-FF-FF-FF-FF-FF-FF-FF-FF-FF-FF-FF-FF-FF-FF-FF-FF
A	19:27:45.809	"(0x) 01-10-5C-FF-FF-FF-FF-FF-FF-FF-FF-FF-FF-FF-FF-FF-FF-FF-FF-FF" received
I	19:27:46.334	Notification received from 00000013-0000-4b49-4e4f-525441474947, value: (0x) 01-10-67-FF-FF-FF-FF-FF-FF-FF-FF-FF-FF-FF-FF-FF-FF-FF-FF-FF
A	19:27:46.334	"(0x) 01-10-67-FF-FF-FF-FF-FF-FF-FF-FF-FF-FF-FF-FF-FF-FF-FF-FF-FF" received
I	19:27:46.858	Notification received from 00000013-0000-4b49-4e4f-525441474947, value: (0x) 01-10-24-FF-FF-FF-FF-FF-FF-FF-FF-FF-FF-FF-FF-FF-FF-FF-FF-FF
A	19:27:46.858	"(0x) 01-10-24-FF-FF-FF-FF-FF-FF-FF-FF-FF-FF-FF-FF-FF-FF-FF-FF-FF" received
I	19:27:47.384	Notification received from 00000013-0000-4b49-4e4f-525441474947, value: (0x) 01-10-5C-FF-FF-FF-FF-FF-FF-FF-FF-FF-FF-FF-FF-FF-FF-FF-FF-FF
A	19:27:47.384	"(0x) 01-10-5C-FF-FF-FF-FF-FF-FF-FF-FF-FF-FF-FF-FF-FF-FF-FF-FF-FF" received
I	19:27:47.908	Notification received from 00000013-0000-4b49-4e4f-525441474947, value: (0x) 01-10-67-FF-FF-FF-FF-FF-FF-FF-FF-FF-FF-FF-FF-FF-FF-FF-FF-FF
A	19:27:47.908	"(0x) 01-10-67-FF-FF-FF-FF-FF-FF-FF-FF-FF-FF-FF-FF-FF-FF-FF-FF-FF" received
I	19:27:49.558	Notification received from 00000013-0000-4b49-4e4f-525441474947, value: (0x) 01-10-24-FF-FF-FF-FF-FF-FF-FF-FF-FF-FF-FF-FF-FF-FF-FF-FF-FF
A	19:27:49.558	"(0x) 01-10-24-FF-FF-FF-FF-FF-FF-FF-FF-FF-FF-FF-FF-FF-FF-FF-FF-FF" received
I	19:27:49.784	Notification received from 00000013-0000-4b49-4e4f-525441474947, value: (0x) 01-10-5C-FF-FF-FF-FF-FF-FF-FF-FF-FF-FF-FF-FF-FF-FF-FF-FF-FF
A	19:27:49.784	"(0x) 01-10-5C-FF-FF-FF-FF-FF-FF-FF-FF-FF-FF-FF-FF-FF-FF-FF-FF-FF" received
I	19:27:49.784	Notification received from 00000013-0000-4b49-4e4f-525441474947, value: (0x) 01-10-67-FF-FF-FF-FF-FF-FF-FF-FF-FF-FF-FF-FF-FF-FF-FF-FF-FF
A	19:27:49.784	"(0x) 01-10-67-FF-FF-FF-FF-FF-FF-FF-FF-FF-FF-FF-FF-FF-FF-FF-FF-FF" received
I	19:27:51.359	Notification received from 00000013-0000-4b49-4e4f-525441474947, value: (0x) 01-10-24-FF-FF-FF-FF-FF-FF-FF-FF-FF-FF-FF-FF-FF-FF-FF-FF-FF
A	19:27:51.359	"(0x) 01-10-24-FF-FF-FF-FF-FF-FF-FF-FF-FF-FF-FF-FF-FF-FF-FF-FF-FF" received
I	19:27:51.359	Notification received from 00000013-0000-4b49-4e4f-525441474947, value: (0x) 01-10-5C-FF-FF-FF-FF-FF-FF-FF-FF-FF-FF-FF-FF-FF-FF-FF-FF-FF
A	19:27:51.359	"(0x) 01-10-5C-FF-FF-FF-FF-FF-FF-FF-FF-FF-FF-FF-FF-FF-FF-FF-FF-FF" received
I	19:27:51.360	Notification received from 00000013-0000-4b49-4e4f-525441474947, value: (0x) 01-10-67-FF-FF-FF-FF-FF-FF-FF-FF-FF-FF-FF-FF-FF-FF-FF-FF-FF
A	19:27:51.360	"(0x) 01-10-67-FF-FF-FF-FF-FF-FF-FF-FF-FF-FF-FF-FF-FF-FF-FF-FF-FF" received
I	19:27:52.747	Notification received from 00000013-0000-4b49-4e4f-525441474947, value: (0x) 01-10-24-FF-FF-FF-FF-FF-FF-FF-FF-FF-FF-FF-FF-FF-FF-FF-FF-FF
A	19:27:52.747	"(0x) 01-10-24-FF-FF-FF-FF-FF-FF-FF-FF-FF-FF-FF-FF-FF-FF-FF-FF-FF" received
I	19:27:52.747	Notification received from 00000013-0000-4b49-4e4f-525441474947, value: (0x) 01-10-5C-FF-FF-FF-FF-FF-FF-FF-FF-FF-FF-FF-FF-FF-FF-FF-FF-FF
A	19:27:52.747	"(0x) 01-10-5C-FF-FF-FF-FF-FF-FF-FF-FF-FF-FF-FF-FF-FF-FF-FF-FF-FF" received
I	19:27:52.748	Notification received from 00000013-0000-4b49-4e4f-525441474947, value: (0x) 01-10-67-FF-FF-FF-FF-FF-FF-FF-FF-FF-FF-FF-FF-FF-FF-FF-FF-FF
A	19:27:52.748	"(0x) 01-10-67-FF-FF-FF-FF-FF-FF-FF-FF-FF-FF-FF-FF-FF-FF-FF-FF-FF" received
D	19:27:56.760	[Callback] Connection state changed with status: 8 and new state: DISCONNECTED (0)
E	19:27:56.760	Error 8 (0x8): GATT CONN TIMEOUT
I	19:27:56.760	Disconnected
D	19:27:56.790	[Broadcast] Action received: android.bluetooth.device.action.ACL_DISCONNECTED